<?xml version="1.0" encoding="UTF-8"?>
<!-- Generated by org.testng.reporters.JUnitReportReporter -->
<testsuite hostname="DESKTOP-HUQ0HTH" failures="0" tests="1" name="Test.TC_IndiaLocation" time="39.323" errors="0" timestamp="2022-08-23T06:38:35 PDT" skipped="0">
  <testcase classname="Test.TC_IndiaLocation" name="test_Selenium4_Geolocation" time="39.323"/>
  <system-out/>
</testsuite> <!-- Test.TC_IndiaLocation -->
