<?xml version="1.0" encoding="UTF-8"?>
<!-- Generated by org.testng.reporters.JUnitReportReporter -->
<testsuite hostname="DESKTOP-HUQ0HTH" failures="0" tests="1" name="Test.TC_GeoLocation$GeoLocationTest" time="14.395" errors="0" timestamp="2022-08-25T21:27:11 PDT" skipped="0">
  <testcase classname="Test.TC_GeoLocation$GeoLocationTest" name="test_Selenium4_Geolocation" time="14.395"/>
  <system-out/>
</testsuite> <!-- Test.TC_GeoLocation$GeoLocationTest -->
