<?xml version="1.0" encoding="UTF-8"?>
<!-- Generated by org.testng.reporters.JUnitReportReporter -->
<testsuite hostname="DESKTOP-HUQ0HTH" failures="0" tests="4" name="Test.TC_Login" time="1654.971" errors="0" timestamp="2022-08-27T14:57:50 PDT" skipped="0">
  <testcase classname="Test.TC_Login" name="loginFunctionality" time="385.807"/>
  <system-out/>
  <testcase classname="Test.TC_Login" name="MyProfile_PersonalProfile_PrivateProfile" time="375.363"/>
  <system-out/>
  <testcase classname="Test.TC_Login" name="MyProfile_PersonalProfile_PublicProfile" time="463.563"/>
  <system-out/>
  <testcase classname="Test.TC_Login" name="MyDashboardTab" time="430.238"/>
  <system-out/>
</testsuite> <!-- Test.TC_Login -->
